# Networking
wifi.tcz
firmware-atheros.tcz
firmware-ipw2100.tcz
firmware-ipw2200.tcz
firmware-iwimax.tcz
firmware-iwl8000.tcz
firmware-iwl9000.tcz
firmware-iwlwifi.tcz
firmware-marvel.tcz
firmware-myri10ge.tcz
firmware-netxen.tcz
firmware-openfwwf.tcz
firmware-ralinkwifi.tcz
firmware-rtlwifi.tcz
firmware-ti-connectivity.tcz
firmware-ueagle-atm.tcz
firmware-vxge.tcz
firmware-zd1211.tcz

# X GUI
aterm.tcz
bzip2-lib.tcz
fltk-1.3.tcz
flwm.tcz
freetype.tcz
glib2.tcz
graphite.tcz
harfbuzz.tcz
imlib2-bin.tcz
imlib2.tcz
libffi.tcz
libfontenc.tcz
libICE.tcz
libjpeg-turbo.tcz
libpng.tcz
libSM.tcz
libX11.tcz
libXau.tcz
libxcb.tcz
libXdmcp.tcz
libXext.tcz
libXfont.tcz
libXmu.tcz
libXt.tcz
pcre.tcz
wbar.tcz
Xfbdev.tcz
Xlibs.tcz
Xprogs.tcz
